<?xml version="1.0" encoding="UTF-8"?>
<!-- Generated by org.testng.reporters.JUnitXMLReporter -->
<testsuite ignored="0" hostname="PF4A59NC" failures="0" tests="6" name="Test" time="8.689" errors="0" timestamp="2025-03-12T19:33:58 IST">
  <testcase classname="TestNg.TC_1LoginToOrangeHRM_Chrome" name="enterUserName" time="0.427"/>
  <testcase classname="TestNg.TC_1LoginToOrangeHRM_Edge" name="enterUserName" time="2.409"/>
  <testcase classname="TestNg.TC_1LoginToOrangeHRM_Chrome" name="enterPassword" time="0.071"/>
  <testcase classname="TestNg.TC_1LoginToOrangeHRM_Edge" name="enterPassword" time="0.079"/>
  <testcase classname="TestNg.TC_1LoginToOrangeHRM_Chrome" name="clickLogin" time="1.2"/>
  <testcase classname="TestNg.TC_1LoginToOrangeHRM_Edge" name="clickLogin" time="1.104"/>
</testsuite> <!-- Test -->
